Post Processor Report
OrCAD FILE: D:\UTENTI\00.LAVORI IN CORSO\METALTRONICA\22-316-1\22-316-1.MAX
Wed Oct 09 14:27:57 2024

*********************************************************

Output file: D:\UTENTI\00.LAVORI IN CORSO\METALTRONICA\22-316-1\22-316-1.TOP

Aperture totals for D:\UTENTI\00.LAVORI IN CORSO\METALTRONICA\22-316-1\22-316-1.TOP:
---------------------------------------------------------
D10:  0.0787 ROUND  --       0 Draws,       2 Flashes
D11:  0.0394 x 0.0118 RECTANGLE -----       4 Flashes
D12:  0.0512 x 0.0650 RECTANGLE -----       2 Flashes
D13:  0.0551 ROUND  --       0 Draws,       1 Flashes
D14:  0.0394 ROUND  --       0 Draws,       1 Flashes
D15:  0.0394 ROUND  --       0 Draws,       1 Flashes
D16:  0.0120 ROUND  --      29 Draws,       0 Flashes
D17:  0.0394 ROUND  --       0 Draws,       3 Flashes
D18:  0.0100 ROUND  --      35 Draws,       0 Flashes
D19:  0.0060 ROUND  --      17 Draws,       0 Flashes
---------------------------------------------------------
 10 D-Codes      -----      81 Draws,      14 Flashes

*********************************************************

Output file: D:\UTENTI\00.LAVORI IN CORSO\METALTRONICA\22-316-1\22-316-1.BOT

Aperture totals for D:\UTENTI\00.LAVORI IN CORSO\METALTRONICA\22-316-1\22-316-1.BOT:
---------------------------------------------------------
D10:  0.0787 ROUND  --       0 Draws,       2 Flashes
D13:  0.0551 ROUND  --       0 Draws,       1 Flashes
D14:  0.0394 ROUND  --       0 Draws,       1 Flashes
D15:  0.0394 ROUND  --       0 Draws,       1 Flashes
D16:  0.0120 ROUND  --      10 Draws,       0 Flashes
D17:  0.0394 ROUND  --       0 Draws,       3 Flashes
D19:  0.0060 ROUND  --      21 Draws,       0 Flashes
D20:  0.0354 x 0.0709 RECTANGLE -----       4 Flashes
---------------------------------------------------------
  8 D-Codes      -----      31 Draws,      12 Flashes

*********************************************************

Output file: D:\UTENTI\00.LAVORI IN CORSO\METALTRONICA\22-316-1\22-316-1.SMT

Aperture totals for D:\UTENTI\00.LAVORI IN CORSO\METALTRONICA\22-316-1\22-316-1.SMT:
---------------------------------------------------------
D10:  0.0787 ROUND  --       0 Draws,       2 Flashes
D11:  0.0394 x 0.0118 RECTANGLE -----       4 Flashes
D12:  0.0512 x 0.0650 RECTANGLE -----       2 Flashes
---------------------------------------------------------
  3 D-Codes      -----       0 Draws,       8 Flashes

*********************************************************

Output file: D:\UTENTI\00.LAVORI IN CORSO\METALTRONICA\22-316-1\22-316-1.SMB

Aperture totals for D:\UTENTI\00.LAVORI IN CORSO\METALTRONICA\22-316-1\22-316-1.SMB:
---------------------------------------------------------
D10:  0.0787 ROUND  --       0 Draws,       2 Flashes
D20:  0.0354 x 0.0709 RECTANGLE -----       4 Flashes
---------------------------------------------------------
  2 D-Codes      -----       0 Draws,       6 Flashes

*********************************************************

Output file: D:\UTENTI\00.LAVORI IN CORSO\METALTRONICA\22-316-1\22-316-1.SPT

Aperture totals for D:\UTENTI\00.LAVORI IN CORSO\METALTRONICA\22-316-1\22-316-1.SPT:
---------------------------------------------------------
D11:  0.0394 x 0.0118 RECTANGLE -----       4 Flashes
D12:  0.0512 x 0.0650 RECTANGLE -----       2 Flashes
---------------------------------------------------------
  2 D-Codes      -----       0 Draws,       6 Flashes

*********************************************************

Output file: D:\UTENTI\00.LAVORI IN CORSO\METALTRONICA\22-316-1\22-316-1.SPB

Aperture totals for D:\UTENTI\00.LAVORI IN CORSO\METALTRONICA\22-316-1\22-316-1.SPB:
---------------------------------------------------------
D20:  0.0354 x 0.0709 RECTANGLE -----       4 Flashes
---------------------------------------------------------
  1 D-Codes      -----       0 Draws,       4 Flashes

*********************************************************

Output file: D:\UTENTI\00.LAVORI IN CORSO\METALTRONICA\22-316-1\22-316-1.SST

Aperture totals for D:\UTENTI\00.LAVORI IN CORSO\METALTRONICA\22-316-1\22-316-1.SST:
---------------------------------------------------------
D18:  0.0100 ROUND  --     153 Draws,       0 Flashes
D19:  0.0060 ROUND  --     295 Draws,       0 Flashes
---------------------------------------------------------
  2 D-Codes      -----     448 Draws,       0 Flashes

*********************************************************

Output file: D:\UTENTI\00.LAVORI IN CORSO\METALTRONICA\22-316-1\22-316-1.SSB

Aperture totals for D:\UTENTI\00.LAVORI IN CORSO\METALTRONICA\22-316-1\22-316-1.SSB:
---------------------------------------------------------
D19:  0.0060 ROUND  --      50 Draws,       0 Flashes
---------------------------------------------------------
  1 D-Codes      -----      50 Draws,       0 Flashes

*********************************************************

Output file: D:\UTENTI\00.LAVORI IN CORSO\METALTRONICA\22-316-1\22-316-1.DRD

Aperture totals for D:\UTENTI\00.LAVORI IN CORSO\METALTRONICA\22-316-1\22-316-1.DRD:
---------------------------------------------------------
D18:  0.0100 ROUND  --     636 Draws,       0 Flashes
---------------------------------------------------------
  1 D-Codes      -----     636 Draws,       0 Flashes


*********************************************************

Aperture totals for entire project:
---------------------------------------------------------
D10:  0.0787 ROUND  --       0 Draws,       8 Flashes
D11:  0.0394 x 0.0118 RECTANGLE -----      12 Flashes
D12:  0.0512 x 0.0650 RECTANGLE -----       6 Flashes
D13:  0.0551 ROUND  --       0 Draws,       2 Flashes
D14:  0.0394 ROUND  --       0 Draws,       2 Flashes
D15:  0.0394 ROUND  --       0 Draws,       2 Flashes
D16:  0.0120 ROUND  --      39 Draws,       0 Flashes
D17:  0.0394 ROUND  --       0 Draws,       6 Flashes
D18:  0.0100 ROUND  --     824 Draws,       0 Flashes
D19:  0.0060 ROUND  --     383 Draws,       0 Flashes
D20:  0.0354 x 0.0709 RECTANGLE -----      12 Flashes
---------------------------------------------------------
 11 D-Codes      -----    1246 Draws,      50 Flashes


No warnings or errors.
