Post Processor Report
OrCAD FILE: D:\UTENTI\00.LAVORI IN CORSO\METALTRONICA\22-316-0\22-316-0.MAX
Tue Feb 14 17:07:06 2023

*********************************************************

Output file: D:\UTENTI\00.LAVORI IN CORSO\METALTRONICA\22-316-0\22-316-0.TOP

Aperture totals for D:\UTENTI\00.LAVORI IN CORSO\METALTRONICA\22-316-0\22-316-0.TOP:
---------------------------------------------------------
D10:  0.0866 ROUND  --       0 Draws,       2 Flashes
D11:  0.0709 x 0.0354 RECTANGLE -----       4 Flashes
D12:  0.0551 ROUND  --       0 Draws,       1 Flashes
D13:  0.0394 ROUND  --       0 Draws,       1 Flashes
D14:  0.0394 ROUND  --       0 Draws,       1 Flashes
D15:  0.0250 ROUND  --      12 Draws,       0 Flashes
D16:  0.0394 ROUND  --       0 Draws,       3 Flashes
D17:  0.0060 ROUND  --      44 Draws,       0 Flashes
---------------------------------------------------------
  8 D-Codes      -----      56 Draws,      12 Flashes

*********************************************************

Output file: D:\UTENTI\00.LAVORI IN CORSO\METALTRONICA\22-316-0\22-316-0.BOT

Aperture totals for D:\UTENTI\00.LAVORI IN CORSO\METALTRONICA\22-316-0\22-316-0.BOT:
---------------------------------------------------------
D10:  0.0866 ROUND  --       0 Draws,       2 Flashes
D12:  0.0551 ROUND  --       0 Draws,       1 Flashes
D13:  0.0394 ROUND  --       0 Draws,       1 Flashes
D14:  0.0394 ROUND  --       0 Draws,       1 Flashes
D15:  0.0250 ROUND  --      15 Draws,       0 Flashes
D16:  0.0394 ROUND  --       0 Draws,       3 Flashes
D17:  0.0060 ROUND  --      13 Draws,       0 Flashes
D18:  0.0945 x 0.1299 RECTANGLE -----       2 Flashes
D19:  0.0472 x 0.1378 RECTANGLE -----       3 Flashes
---------------------------------------------------------
  9 D-Codes      -----      28 Draws,      13 Flashes

*********************************************************

Output file: D:\UTENTI\00.LAVORI IN CORSO\METALTRONICA\22-316-0\22-316-0.SMT

Aperture totals for D:\UTENTI\00.LAVORI IN CORSO\METALTRONICA\22-316-0\22-316-0.SMT:
---------------------------------------------------------
D11:  0.0709 x 0.0354 RECTANGLE -----       4 Flashes
---------------------------------------------------------
  1 D-Codes      -----       0 Draws,       4 Flashes

*********************************************************

Output file: D:\UTENTI\00.LAVORI IN CORSO\METALTRONICA\22-316-0\22-316-0.SMB

Aperture totals for D:\UTENTI\00.LAVORI IN CORSO\METALTRONICA\22-316-0\22-316-0.SMB:
---------------------------------------------------------
D18:  0.0945 x 0.1299 RECTANGLE -----       2 Flashes
D19:  0.0472 x 0.1378 RECTANGLE -----       3 Flashes
---------------------------------------------------------
  2 D-Codes      -----       0 Draws,       5 Flashes

*********************************************************

Output file: D:\UTENTI\00.LAVORI IN CORSO\METALTRONICA\22-316-0\22-316-0.SPT

Aperture totals for D:\UTENTI\00.LAVORI IN CORSO\METALTRONICA\22-316-0\22-316-0.SPT:
---------------------------------------------------------
D11:  0.0709 x 0.0354 RECTANGLE -----       4 Flashes
---------------------------------------------------------
  1 D-Codes      -----       0 Draws,       4 Flashes

*********************************************************

Output file: D:\UTENTI\00.LAVORI IN CORSO\METALTRONICA\22-316-0\22-316-0.SPB

Aperture totals for D:\UTENTI\00.LAVORI IN CORSO\METALTRONICA\22-316-0\22-316-0.SPB:
---------------------------------------------------------
D18:  0.0945 x 0.1299 RECTANGLE -----       2 Flashes
D19:  0.0472 x 0.1378 RECTANGLE -----       3 Flashes
---------------------------------------------------------
  2 D-Codes      -----       0 Draws,       5 Flashes

*********************************************************

Output file: D:\UTENTI\00.LAVORI IN CORSO\METALTRONICA\22-316-0\22-316-0.SST

Aperture totals for D:\UTENTI\00.LAVORI IN CORSO\METALTRONICA\22-316-0\22-316-0.SST:
---------------------------------------------------------
D17:  0.0060 ROUND  --     159 Draws,       0 Flashes
D20:  0.0100 ROUND  --      96 Draws,       0 Flashes
---------------------------------------------------------
  2 D-Codes      -----     255 Draws,       0 Flashes

*********************************************************

Output file: D:\UTENTI\00.LAVORI IN CORSO\METALTRONICA\22-316-0\22-316-0.SSB

Aperture totals for D:\UTENTI\00.LAVORI IN CORSO\METALTRONICA\22-316-0\22-316-0.SSB:
---------------------------------------------------------
D17:  0.0060 ROUND  --     267 Draws,       0 Flashes
D20:  0.0100 ROUND  --       3 Draws,       0 Flashes
---------------------------------------------------------
  2 D-Codes      -----     270 Draws,       0 Flashes

*********************************************************

Output file: D:\UTENTI\00.LAVORI IN CORSO\METALTRONICA\22-316-0\22-316-0.DRD

Aperture totals for D:\UTENTI\00.LAVORI IN CORSO\METALTRONICA\22-316-0\22-316-0.DRD:
---------------------------------------------------------
D20:  0.0100 ROUND  --     624 Draws,       0 Flashes
D21:  0.0394 ROUND  --      12 Draws,       0 Flashes
---------------------------------------------------------
  2 D-Codes      -----     636 Draws,       0 Flashes

*********************************************************

Output file: D:\UTENTI\00.LAVORI IN CORSO\METALTRONICA\22-316-0\22-316-0.DRL

Aperture totals for D:\UTENTI\00.LAVORI IN CORSO\METALTRONICA\22-316-0\22-316-0.DRL:
---------------------------------------------------------
D10:  0.0866 ROUND  --       0 Draws,       2 Flashes
D12:  0.0551 ROUND  --       0 Draws,       1 Flashes
D13:  0.0394 ROUND  --       0 Draws,       1 Flashes
D21:  0.0394 ROUND  --      12 Draws,       0 Flashes
D22:  0.0118 ROUND  --       0 Draws,       4 Flashes
---------------------------------------------------------
  5 D-Codes      -----      12 Draws,       8 Flashes


*********************************************************

Aperture totals for entire project:
---------------------------------------------------------
D10:  0.0866 ROUND  --       0 Draws,       6 Flashes
D11:  0.0709 x 0.0354 RECTANGLE -----      12 Flashes
D12:  0.0551 ROUND  --       0 Draws,       3 Flashes
D13:  0.0394 ROUND  --       0 Draws,       3 Flashes
D14:  0.0394 ROUND  --       0 Draws,       2 Flashes
D15:  0.0250 ROUND  --      27 Draws,       0 Flashes
D16:  0.0394 ROUND  --       0 Draws,       6 Flashes
D17:  0.0060 ROUND  --     483 Draws,       0 Flashes
D18:  0.0945 x 0.1299 RECTANGLE -----       6 Flashes
D19:  0.0472 x 0.1378 RECTANGLE -----       9 Flashes
D20:  0.0100 ROUND  --     723 Draws,       0 Flashes
D21:  0.0394 ROUND  --      24 Draws,       0 Flashes
D22:  0.0118 ROUND  --       0 Draws,       4 Flashes
---------------------------------------------------------
 13 D-Codes      -----    1257 Draws,      51 Flashes


No warnings or errors.
